<?xml version="1.0" encoding="UTF-8"?>
<!-- Generated by org.testng.reporters.JUnitXMLReporter -->
<testsuite ignored="4" hostname="DESKTOP-GH7VODV" failures="0" tests="7" name="Command line test" time="0.188" errors="0" timestamp="2020-01-30T20:27:40 EET">
  <testcase classname="hnatiuk.tests.TestDemo" name="demoTest1" time="0.004"/>
  <testcase classname="hnatiuk.tests.TestDemo" name="demoTest2" time="0.004"/>
  <testcase classname="hnatiuk.tests.TestDemo" name="demoTest4" time="0.008"/>
  <testcase classname="hnatiuk.tests.TestDemo" name="demoTest4" time="0.004"/>
  <testcase classname="hnatiuk.tests.TestDemo" name="demoTest4" time="0.0"/>
  <testcase classname="hnatiuk.tests.TestDemo" name="demoTest3" time="0.0"/>
  <testcase classname="hnatiuk.tests.TestDemo2" name="myTest" time="0.0"/>
  <testcase classname="hnatiuk.tests.BaseTest" name="@AfterSuite tearDown3" time="0.0">
    <ignored/>
  </testcase> <!-- @AfterSuite tearDown3 -->
  <testcase classname="hnatiuk.tests.BaseTest" name="@AfterSuite tearDown3" time="0.0">
    <ignored/>
  </testcase> <!-- @AfterSuite tearDown3 -->
  <testcase classname="hnatiuk.tests.BaseTest" name="@BeforeSuite setUp" time="0.0">
    <ignored/>
  </testcase> <!-- @BeforeSuite setUp -->
  <testcase classname="hnatiuk.tests.BaseTest" name="@BeforeSuite setUp" time="0.0">
    <ignored/>
  </testcase> <!-- @BeforeSuite setUp -->
</testsuite> <!-- Command line test -->
