<?xml version="1.0" encoding="UTF-8"?>
<testng-results ignored="4" total="11" passed="7" failed="0" skipped="0">
  <reporter-output>
  </reporter-output>
  <suite started-at="2020-01-30T20:27:39 EET" name="Command line suite" finished-at="2020-01-30T20:27:39 EET" duration-ms="188">
    <groups>
    </groups>
    <test started-at="2020-01-30T20:27:39 EET" name="Command line test" finished-at="2020-01-30T20:27:39 EET" duration-ms="188">
      <class name="hnatiuk.tests.BaseTest">
        <test-method is-config="true" signature="setUp()[pri:0, instance:hnatiuk.tests.BaseTest@6d3af739]" started-at="2020-01-30T20:27:39 EET" name="setUp" finished-at="2020-01-30T20:27:39 EET" duration-ms="20" status="PASS">
          <reporter-output>
          </reporter-output>
        </test-method> <!-- setUp -->
        <test-method is-config="true" signature="tearDown3()[pri:0, instance:hnatiuk.tests.BaseTest@6d3af739]" started-at="2020-01-30T20:27:40 EET" name="tearDown3" finished-at="2020-01-30T20:27:40 EET" duration-ms="0" status="PASS">
          <reporter-output>
          </reporter-output>
        </test-method> <!-- tearDown3 -->
      </class> <!-- hnatiuk.tests.BaseTest -->
      <class name="hnatiuk.tests.TestDemo2">
        <test-method is-config="true" signature="setUp2()[pri:0, instance:hnatiuk.tests.TestDemo2@16022d9d]" started-at="2020-01-30T20:27:39 EET" name="setUp2" finished-at="2020-01-30T20:27:39 EET" duration-ms="4" status="PASS">
          <reporter-output>
          </reporter-output>
        </test-method> <!-- setUp2 -->
        <test-method is-config="true" signature="tearDown()[pri:0, instance:hnatiuk.tests.TestDemo2@16022d9d]" started-at="2020-01-30T20:27:39 EET" name="tearDown" finished-at="2020-01-30T20:27:39 EET" duration-ms="4" status="PASS">
          <reporter-output>
          </reporter-output>
        </test-method> <!-- tearDown -->
        <test-method signature="myTest()[pri:0, instance:hnatiuk.tests.TestDemo2@16022d9d]" started-at="2020-01-30T20:27:39 EET" name="myTest" finished-at="2020-01-30T20:27:39 EET" duration-ms="0" status="PASS">
          <reporter-output>
          </reporter-output>
        </test-method> <!-- myTest -->
        <test-method is-config="true" signature="setUp3()[pri:0, instance:hnatiuk.tests.TestDemo2@16022d9d]" started-at="2020-01-30T20:27:39 EET" name="setUp3" finished-at="2020-01-30T20:27:39 EET" duration-ms="0" status="PASS">
          <reporter-output>
          </reporter-output>
        </test-method> <!-- setUp3 -->
        <test-method is-config="true" signature="tearDown2()[pri:0, instance:hnatiuk.tests.TestDemo2@16022d9d]" started-at="2020-01-30T20:27:39 EET" name="tearDown2" finished-at="2020-01-30T20:27:39 EET" duration-ms="0" status="PASS">
          <reporter-output>
          </reporter-output>
        </test-method> <!-- tearDown2 -->
      </class> <!-- hnatiuk.tests.TestDemo2 -->
      <class name="hnatiuk.tests.TestDemo">
        <test-method is-config="true" signature="setUp2()[pri:0, instance:hnatiuk.tests.TestDemo@1da51a35]" started-at="2020-01-30T20:27:39 EET" name="setUp2" finished-at="2020-01-30T20:27:39 EET" duration-ms="0" status="PASS">
          <reporter-output>
          </reporter-output>
        </test-method> <!-- setUp2 -->
        <test-method is-config="true" signature="setUp3()[pri:0, instance:hnatiuk.tests.TestDemo@1da51a35]" started-at="2020-01-30T20:27:39 EET" name="setUp3" finished-at="2020-01-30T20:27:39 EET" duration-ms="4" status="PASS">
          <reporter-output>
          </reporter-output>
        </test-method> <!-- setUp3 -->
        <test-method signature="demoTest1()[pri:0, instance:hnatiuk.tests.TestDemo@1da51a35]" started-at="2020-01-30T20:27:39 EET" name="demoTest1" finished-at="2020-01-30T20:27:39 EET" duration-ms="4" status="PASS">
          <reporter-output>
          </reporter-output>
        </test-method> <!-- demoTest1 -->
        <test-method is-config="true" signature="tearDown()[pri:0, instance:hnatiuk.tests.TestDemo@1da51a35]" started-at="2020-01-30T20:27:39 EET" name="tearDown" finished-at="2020-01-30T20:27:39 EET" duration-ms="4" status="PASS">
          <reporter-output>
          </reporter-output>
        </test-method> <!-- tearDown -->
        <test-method signature="demoTest2()[pri:0, instance:hnatiuk.tests.TestDemo@1da51a35]" started-at="2020-01-30T20:27:39 EET" name="demoTest2" finished-at="2020-01-30T20:27:39 EET" depends-on-methods="hnatiuk.tests.TestDemo.demoTest1" duration-ms="4" status="PASS">
          <reporter-output>
          </reporter-output>
        </test-method> <!-- demoTest2 -->
        <test-method is-config="true" signature="setUp3()[pri:0, instance:hnatiuk.tests.TestDemo@1da51a35]" started-at="2020-01-30T20:27:39 EET" name="setUp3" finished-at="2020-01-30T20:27:39 EET" duration-ms="0" status="PASS">
          <reporter-output>
          </reporter-output>
        </test-method> <!-- setUp3 -->
        <test-method is-config="true" signature="tearDown()[pri:0, instance:hnatiuk.tests.TestDemo@1da51a35]" started-at="2020-01-30T20:27:39 EET" name="tearDown" finished-at="2020-01-30T20:27:39 EET" duration-ms="0" status="PASS">
          <reporter-output>
          </reporter-output>
        </test-method> <!-- tearDown -->
        <test-method is-config="true" signature="setUp3()[pri:0, instance:hnatiuk.tests.TestDemo@1da51a35]" started-at="2020-01-30T20:27:39 EET" name="setUp3" finished-at="2020-01-30T20:27:39 EET" duration-ms="0" status="PASS">
          <reporter-output>
          </reporter-output>
        </test-method> <!-- setUp3 -->
        <test-method signature="demoTest4(java.lang.String, int)[pri:0, instance:hnatiuk.tests.TestDemo@1da51a35]" started-at="2020-01-30T20:27:39 EET" name="demoTest4" data-provider="invalidCredentials" finished-at="2020-01-30T20:27:39 EET" duration-ms="8" status="PASS">
          <params>
            <param index="0">
              <value>
                <![CDATA[Martin]]>
              </value>
            </param>
            <param index="1">
              <value>
                <![CDATA[17]]>
              </value>
            </param>
          </params>
          <reporter-output>
          </reporter-output>
        </test-method> <!-- demoTest4 -->
        <test-method signature="demoTest4(java.lang.String, int)[pri:0, instance:hnatiuk.tests.TestDemo@1da51a35]" started-at="2020-01-30T20:27:39 EET" name="demoTest4" data-provider="invalidCredentials" finished-at="2020-01-30T20:27:39 EET" duration-ms="4" status="PASS">
          <params>
            <param index="0">
              <value>
                <![CDATA[Alex]]>
              </value>
            </param>
            <param index="1">
              <value>
                <![CDATA[123]]>
              </value>
            </param>
          </params>
          <reporter-output>
          </reporter-output>
        </test-method> <!-- demoTest4 -->
        <test-method is-config="true" signature="tearDown()[pri:0, instance:hnatiuk.tests.TestDemo@1da51a35]" started-at="2020-01-30T20:27:39 EET" name="tearDown" finished-at="2020-01-30T20:27:39 EET" duration-ms="0" status="PASS">
          <reporter-output>
          </reporter-output>
        </test-method> <!-- tearDown -->
        <test-method is-config="true" signature="setUp3()[pri:0, instance:hnatiuk.tests.TestDemo@1da51a35]" started-at="2020-01-30T20:27:39 EET" name="setUp3" finished-at="2020-01-30T20:27:39 EET" duration-ms="0" status="PASS">
          <reporter-output>
          </reporter-output>
        </test-method> <!-- setUp3 -->
        <test-method is-config="true" signature="tearDown()[pri:0, instance:hnatiuk.tests.TestDemo@1da51a35]" started-at="2020-01-30T20:27:39 EET" name="tearDown" finished-at="2020-01-30T20:27:39 EET" duration-ms="4" status="PASS">
          <reporter-output>
          </reporter-output>
        </test-method> <!-- tearDown -->
        <test-method signature="demoTest4(java.lang.String, int)[pri:0, instance:hnatiuk.tests.TestDemo@1da51a35]" started-at="2020-01-30T20:27:39 EET" name="demoTest4" data-provider="invalidCredentials" finished-at="2020-01-30T20:27:39 EET" duration-ms="0" status="PASS">
          <params>
            <param index="0">
              <value>
                <![CDATA[Sem]]>
              </value>
            </param>
            <param index="1">
              <value>
                <![CDATA[987]]>
              </value>
            </param>
          </params>
          <reporter-output>
          </reporter-output>
        </test-method> <!-- demoTest4 -->
        <test-method is-config="true" signature="setUp3()[pri:0, instance:hnatiuk.tests.TestDemo@1da51a35]" started-at="2020-01-30T20:27:39 EET" name="setUp3" finished-at="2020-01-30T20:27:39 EET" duration-ms="0" status="PASS">
          <reporter-output>
          </reporter-output>
        </test-method> <!-- setUp3 -->
        <test-method is-config="true" signature="tearDown()[pri:0, instance:hnatiuk.tests.TestDemo@1da51a35]" started-at="2020-01-30T20:27:39 EET" name="tearDown" finished-at="2020-01-30T20:27:39 EET" duration-ms="4" status="PASS">
          <reporter-output>
          </reporter-output>
        </test-method> <!-- tearDown -->
        <test-method signature="demoTest3()[pri:1, instance:hnatiuk.tests.TestDemo@1da51a35]" started-at="2020-01-30T20:27:39 EET" name="demoTest3" finished-at="2020-01-30T20:27:39 EET" duration-ms="0" status="PASS">
          <reporter-output>
          </reporter-output>
        </test-method> <!-- demoTest3 -->
        <test-method is-config="true" signature="setUp3()[pri:0, instance:hnatiuk.tests.TestDemo@1da51a35]" started-at="2020-01-30T20:27:39 EET" name="setUp3" finished-at="2020-01-30T20:27:39 EET" duration-ms="0" status="PASS">
          <reporter-output>
          </reporter-output>
        </test-method> <!-- setUp3 -->
        <test-method is-config="true" signature="tearDown()[pri:0, instance:hnatiuk.tests.TestDemo@1da51a35]" started-at="2020-01-30T20:27:39 EET" name="tearDown" finished-at="2020-01-30T20:27:39 EET" duration-ms="0" status="PASS">
          <reporter-output>
          </reporter-output>
        </test-method> <!-- tearDown -->
        <test-method is-config="true" signature="tearDown2()[pri:0, instance:hnatiuk.tests.TestDemo@1da51a35]" started-at="2020-01-30T20:27:39 EET" name="tearDown2" finished-at="2020-01-30T20:27:39 EET" duration-ms="0" status="PASS">
          <reporter-output>
          </reporter-output>
        </test-method> <!-- tearDown2 -->
      </class> <!-- hnatiuk.tests.TestDemo -->
    </test> <!-- Command line test -->
  </suite> <!-- Command line suite -->
</testng-results>
